[ 2013-12-15T22:39:23+08:00 ] 127.0.0.1 /
INFO: [ app_begin ] --START--
INFO: ReadHtmlCache Behavior ::run [ RunTime:0.000196s ]
INFO: [ app_begin ] --END-- [ RunTime:0.000337s ]
ERR: 无法加载模块:Index

[ 2013-12-15T22:39:24+08:00 ] 127.0.0.1 /
INFO: [ app_begin ] --START--
INFO: ReadHtmlCache Behavior ::run [ RunTime:0.000204s ]
INFO: [ app_begin ] --END-- [ RunTime:0.000384s ]
ERR: 无法加载模块:Index

[ 2013-12-15T22:39:26+08:00 ] 127.0.0.1 /
INFO: [ app_begin ] --START--
INFO: ReadHtmlCache Behavior ::run [ RunTime:0.000163s ]
INFO: [ app_begin ] --END-- [ RunTime:0.000283s ]
ERR: 无法加载模块:Index

[ 2013-12-15T22:41:43+08:00 ] 127.0.0.1 /
INFO: [ app_begin ] --START--
INFO: ReadHtmlCache Behavior ::run [ RunTime:0.000245s ]
INFO: [ app_begin ] --END-- [ RunTime:0.000445s ]

[ 2013-12-15T23:37:06+08:00 ] 127.0.0.1 /
NOTIC: [8] Use of undefined constant 这个文件是Index配置文件 - assumed '这个文件是Index配置文件' /home/www/dev.gomyhome.cn/Gomyhome/Conf/Index/config.php 第 3 行.
NOTIC: [8] Use of undefined constant 这个文件是共用函数库文Index件 - assumed '这个文件是共用函数库文Index件' /home/www/dev.gomyhome.cn/Gomyhome/Common/Index/function.php 第 3 行.
INFO: [ app_begin ] --START--
INFO: ReadHtmlCache Behavior ::run [ RunTime:0.000315s ]
INFO: [ app_begin ] --END-- [ RunTime:0.000511s ]

